<?xml version="1.0" encoding="UTF-8"?>
<testng-results ignored="0" total="11" passed="7" failed="4" skipped="0">
  <reporter-output>
  </reporter-output>
  <suite started-at="2024-11-07T18:48:22 IST" name="MyWebsite" finished-at="2024-11-07T18:49:45 IST" duration-ms="82769">
    <groups>
    </groups>
    <test started-at="2024-11-07T18:48:22 IST" name="MyWebsite" finished-at="2024-11-07T18:49:45 IST" duration-ms="82769">
      <class name="com.mystore.testCase.registere">
        <test-method is-config="true" signature="setUp()[pri:0, instance:com.mystore.testCase.registere@443118b0]" started-at="2024-11-07T18:48:22 IST" name="setUp" finished-at="2024-11-07T18:48:31 IST" duration-ms="9070" status="PASS">
          <reporter-output>
          </reporter-output>
        </test-method> <!-- setUp -->
        <test-method signature="resisterAc()[pri:1, instance:com.mystore.testCase.registere@443118b0]" started-at="2024-11-07T18:48:31 IST" name="resisterAc" finished-at="2024-11-07T18:48:35 IST" duration-ms="3845" status="FAIL">
          <exception class="org.openqa.selenium.InvalidSelectorException">
            <message>
              <![CDATA[invalid selector
from javascript error: {"status":32,"value":"Unable to locate an element with the xpath expression //*[@id=\\\"account-register\\\"]/div[1] because of the following error:\nSyntaxError: Failed to execute 'evaluate' on 'Document': The string '//*[@id=\\\"account-register\\\"]/div[1]' is not a valid XPath expression."}
  (Session info: chrome=130.0.6723.93)
For documentation on this error, please visit: https://www.selenium.dev/documentation/webdriver/troubleshooting/errors#invalid-selector-exception
Build info: version: '4.24.0', revision: '748ffc9bc3'
System info: os.name: 'Windows 11', os.arch: 'amd64', os.version: '10.0', java.version: '21.0.1'
Driver info: org.openqa.selenium.chrome.ChromeDriver
Command: [ea4cd2d64733bf331d447158b39fa7c3, findElement {value=//*[@id=\"account-register\"]/div[1], using=xpath}]
Capabilities {acceptInsecureCerts: false, browserName: chrome, browserVersion: 130.0.6723.93, chrome: {chromedriverVersion: 130.0.6723.116 (6ac35f94ae3..., userDataDir: C:\Users\rupam\AppData\Loca...}, fedcm:accounts: true, goog:chromeOptions: {debuggerAddress: localhost:50833}, networkConnectionEnabled: false, pageLoadStrategy: normal, platformName: windows, proxy: Proxy(), se:cdp: ws://localhost:50833/devtoo..., se:cdpVersion: 130.0.6723.93, setWindowRect: true, strictFileInteractability: false, timeouts: {implicit: 0, pageLoad: 300000, script: 30000}, unhandledPromptBehavior: dismiss and notify, webauthn:extension:credBlob: true, webauthn:extension:largeBlob: true, webauthn:extension:minPinLength: true, webauthn:extension:prf: true, webauthn:virtualAuthenticators: true}
Session ID: ea4cd2d64733bf331d447158b39fa7c3]]>
            </message>
            <full-stacktrace>
              <![CDATA[org.openqa.selenium.InvalidSelectorException: invalid selector
from javascript error: {"status":32,"value":"Unable to locate an element with the xpath expression //*[@id=\\\"account-register\\\"]/div[1] because of the following error:\nSyntaxError: Failed to execute 'evaluate' on 'Document': The string '//*[@id=\\\"account-register\\\"]/div[1]' is not a valid XPath expression."}
  (Session info: chrome=130.0.6723.93)
For documentation on this error, please visit: https://www.selenium.dev/documentation/webdriver/troubleshooting/errors#invalid-selector-exception
Build info: version: '4.24.0', revision: '748ffc9bc3'
System info: os.name: 'Windows 11', os.arch: 'amd64', os.version: '10.0', java.version: '21.0.1'
Driver info: org.openqa.selenium.chrome.ChromeDriver
Command: [ea4cd2d64733bf331d447158b39fa7c3, findElement {value=//*[@id=\"account-register\"]/div[1], using=xpath}]
Capabilities {acceptInsecureCerts: false, browserName: chrome, browserVersion: 130.0.6723.93, chrome: {chromedriverVersion: 130.0.6723.116 (6ac35f94ae3..., userDataDir: C:\Users\rupam\AppData\Loca...}, fedcm:accounts: true, goog:chromeOptions: {debuggerAddress: localhost:50833}, networkConnectionEnabled: false, pageLoadStrategy: normal, platformName: windows, proxy: Proxy(), se:cdp: ws://localhost:50833/devtoo..., se:cdpVersion: 130.0.6723.93, setWindowRect: true, strictFileInteractability: false, timeouts: {implicit: 0, pageLoad: 300000, script: 30000}, unhandledPromptBehavior: dismiss and notify, webauthn:extension:credBlob: true, webauthn:extension:largeBlob: true, webauthn:extension:minPinLength: true, webauthn:extension:prf: true, webauthn:virtualAuthenticators: true}
Session ID: ea4cd2d64733bf331d447158b39fa7c3
at java.base/jdk.internal.reflect.DirectConstructorHandleAccessor.newInstance(DirectConstructorHandleAccessor.java:62)
at java.base/java.lang.reflect.Constructor.newInstanceWithCaller(Constructor.java:502)
at java.base/java.lang.reflect.Constructor.newInstance(Constructor.java:486)
at org.openqa.selenium.remote.ErrorCodec.decode(ErrorCodec.java:167)
at org.openqa.selenium.remote.codec.w3c.W3CHttpResponseCodec.decode(W3CHttpResponseCodec.java:138)
at org.openqa.selenium.remote.codec.w3c.W3CHttpResponseCodec.decode(W3CHttpResponseCodec.java:50)
at org.openqa.selenium.remote.HttpCommandExecutor.execute(HttpCommandExecutor.java:190)
at org.openqa.selenium.remote.service.DriverCommandExecutor.invokeExecute(DriverCommandExecutor.java:216)
at org.openqa.selenium.remote.service.DriverCommandExecutor.execute(DriverCommandExecutor.java:174)
at org.openqa.selenium.remote.RemoteWebDriver.execute(RemoteWebDriver.java:545)
at org.openqa.selenium.remote.ElementLocation$ElementFinder$2.findElement(ElementLocation.java:165)
at org.openqa.selenium.remote.ElementLocation.findElement(ElementLocation.java:59)
at org.openqa.selenium.remote.RemoteWebDriver.findElement(RemoteWebDriver.java:368)
at org.openqa.selenium.remote.RemoteWebDriver.findElement(RemoteWebDriver.java:362)
at org.openqa.selenium.support.pagefactory.DefaultElementLocator.findElement(DefaultElementLocator.java:68)
at org.openqa.selenium.support.pagefactory.internal.LocatingElementHandler.invoke(LocatingElementHandler.java:38)
at jdk.proxy2/jdk.proxy2.$Proxy13.getText(Unknown Source)
at com.mywebsite.POM_pages.AccountSucess.accsucessful(AccountSucess.java:23)
at com.mystore.testCase.registere.resisterAc(registere.java:73)
at java.base/jdk.internal.reflect.DirectMethodHandleAccessor.invoke(DirectMethodHandleAccessor.java:103)
at java.base/java.lang.reflect.Method.invoke(Method.java:580)
at org.testng.internal.invokers.MethodInvocationHelper.invokeMethod(MethodInvocationHelper.java:141)
at org.testng.internal.invokers.TestInvoker.invokeMethod(TestInvoker.java:686)
at org.testng.internal.invokers.TestInvoker.invokeTestMethod(TestInvoker.java:230)
at org.testng.internal.invokers.MethodRunner.runInSequence(MethodRunner.java:63)
at org.testng.internal.invokers.TestInvoker$MethodInvocationAgent.invoke(TestInvoker.java:992)
at org.testng.internal.invokers.TestInvoker.invokeTestMethods(TestInvoker.java:203)
at org.testng.internal.invokers.TestMethodWorker.invokeTestMethods(TestMethodWorker.java:154)
at org.testng.internal.invokers.TestMethodWorker.run(TestMethodWorker.java:134)
at java.base/java.util.ArrayList.forEach(ArrayList.java:1596)
at org.testng.TestRunner.privateRun(TestRunner.java:739)
at org.testng.TestRunner.run(TestRunner.java:614)
at org.testng.SuiteRunner.runTest(SuiteRunner.java:421)
at org.testng.SuiteRunner.runSequentially(SuiteRunner.java:413)
at org.testng.SuiteRunner.privateRun(SuiteRunner.java:373)
at org.testng.SuiteRunner.run(SuiteRunner.java:312)
at org.testng.SuiteRunnerWorker.runSuite(SuiteRunnerWorker.java:52)
at org.testng.SuiteRunnerWorker.run(SuiteRunnerWorker.java:95)
at org.testng.TestNG.runSuitesSequentially(TestNG.java:1274)
at org.testng.TestNG.runSuitesLocally(TestNG.java:1208)
at org.testng.TestNG.runSuites(TestNG.java:1112)
at org.testng.TestNG.run(TestNG.java:1079)
at org.testng.remote.AbstractRemoteTestNG.run(AbstractRemoteTestNG.java:115)
at org.testng.remote.RemoteTestNG.initAndRun(RemoteTestNG.java:293)
at org.testng.remote.RemoteTestNG.main(RemoteTestNG.java:91)
]]>
            </full-stacktrace>
          </exception> <!-- org.openqa.selenium.InvalidSelectorException -->
          <reporter-output>
          </reporter-output>
        </test-method> <!-- resisterAc -->
        <test-method is-config="true" signature="tearDown()[pri:0, instance:com.mystore.testCase.registere@443118b0]" started-at="2024-11-07T18:48:35 IST" name="tearDown" finished-at="2024-11-07T18:48:36 IST" duration-ms="552" status="PASS">
          <reporter-output>
          </reporter-output>
        </test-method> <!-- tearDown -->
        <test-method is-config="true" signature="setUp()[pri:0, instance:com.mystore.testCase.registere@443118b0]" started-at="2024-11-07T18:48:36 IST" name="setUp" finished-at="2024-11-07T18:48:39 IST" duration-ms="3631" status="PASS">
          <reporter-output>
          </reporter-output>
        </test-method> <!-- setUp -->
        <test-method signature="EmteyFromfellIn_resister()[pri:2, instance:com.mystore.testCase.registere@443118b0]" started-at="2024-11-07T18:48:39 IST" name="EmteyFromfellIn_resister" finished-at="2024-11-07T18:48:43 IST" duration-ms="3395" status="PASS">
          <reporter-output>
          </reporter-output>
        </test-method> <!-- EmteyFromfellIn_resister -->
        <test-method is-config="true" signature="tearDown()[pri:0, instance:com.mystore.testCase.registere@443118b0]" started-at="2024-11-07T18:48:43 IST" name="tearDown" finished-at="2024-11-07T18:48:44 IST" duration-ms="1590" status="PASS">
          <reporter-output>
          </reporter-output>
        </test-method> <!-- tearDown -->
      </class> <!-- com.mystore.testCase.registere -->
      <class name="com.mystore.testCase.login">
        <test-method is-config="true" signature="Setup()[pri:0, instance:com.mystore.testCase.login@662ac478]" started-at="2024-11-07T18:48:47 IST" name="Setup" finished-at="2024-11-07T18:48:50 IST" duration-ms="3282" status="PASS">
          <reporter-output>
          </reporter-output>
        </test-method> <!-- Setup -->
        <test-method signature="verifyeLoginPage(java.lang.String,java.lang.String)[pri:1, instance:com.mystore.testCase.login@662ac478]" started-at="2024-11-07T18:48:50 IST" name="verifyeLoginPage" data-provider="validtata11" finished-at="2024-11-07T18:48:50 IST" duration-ms="10" status="FAIL">
          <params>
            <param index="0">
              <value>
                <![CDATA[ccomputer170@gmail.com]]>
              </value>
            </param>
            <param index="1">
              <value>
                <![CDATA[Rahul@123]]>
              </value>
            </param>
          </params>
          <exception class="java.lang.NullPointerException">
            <message>
              <![CDATA[Cannot invoke "com.mywebsite.POM_pages.loginPage.EnterEmail()" because "this.log" is null]]>
            </message>
            <full-stacktrace>
              <![CDATA[java.lang.NullPointerException: Cannot invoke "com.mywebsite.POM_pages.loginPage.EnterEmail()" because "this.log" is null
at com.mystore.testCase.login.verifyeLoginPage(login.java:54)
at java.base/jdk.internal.reflect.DirectMethodHandleAccessor.invoke(DirectMethodHandleAccessor.java:103)
at java.base/java.lang.reflect.Method.invoke(Method.java:580)
at org.testng.internal.invokers.MethodInvocationHelper.invokeMethod(MethodInvocationHelper.java:141)
at org.testng.internal.invokers.TestInvoker.invokeMethod(TestInvoker.java:686)
at org.testng.internal.invokers.TestInvoker.invokeTestMethod(TestInvoker.java:230)
at org.testng.internal.invokers.MethodRunner.runInSequence(MethodRunner.java:63)
at org.testng.internal.invokers.TestInvoker$MethodInvocationAgent.invoke(TestInvoker.java:992)
at org.testng.internal.invokers.TestInvoker.invokeTestMethods(TestInvoker.java:203)
at org.testng.internal.invokers.TestMethodWorker.invokeTestMethods(TestMethodWorker.java:154)
at org.testng.internal.invokers.TestMethodWorker.run(TestMethodWorker.java:134)
at java.base/java.util.ArrayList.forEach(ArrayList.java:1596)
at org.testng.TestRunner.privateRun(TestRunner.java:739)
at org.testng.TestRunner.run(TestRunner.java:614)
at org.testng.SuiteRunner.runTest(SuiteRunner.java:421)
at org.testng.SuiteRunner.runSequentially(SuiteRunner.java:413)
at org.testng.SuiteRunner.privateRun(SuiteRunner.java:373)
at org.testng.SuiteRunner.run(SuiteRunner.java:312)
at org.testng.SuiteRunnerWorker.runSuite(SuiteRunnerWorker.java:52)
at org.testng.SuiteRunnerWorker.run(SuiteRunnerWorker.java:95)
at org.testng.TestNG.runSuitesSequentially(TestNG.java:1274)
at org.testng.TestNG.runSuitesLocally(TestNG.java:1208)
at org.testng.TestNG.runSuites(TestNG.java:1112)
at org.testng.TestNG.run(TestNG.java:1079)
at org.testng.remote.AbstractRemoteTestNG.run(AbstractRemoteTestNG.java:115)
at org.testng.remote.RemoteTestNG.initAndRun(RemoteTestNG.java:293)
at org.testng.remote.RemoteTestNG.main(RemoteTestNG.java:91)
]]>
            </full-stacktrace>
          </exception> <!-- java.lang.NullPointerException -->
          <reporter-output>
          </reporter-output>
        </test-method> <!-- verifyeLoginPage -->
        <test-method is-config="true" signature="tearDown()[pri:0, instance:com.mystore.testCase.login@662ac478]" started-at="2024-11-07T18:48:50 IST" name="tearDown" finished-at="2024-11-07T18:48:50 IST" duration-ms="349" status="PASS">
          <reporter-output>
          </reporter-output>
        </test-method> <!-- tearDown -->
        <test-method is-config="true" signature="Setup()[pri:0, instance:com.mystore.testCase.login@662ac478]" started-at="2024-11-07T18:48:50 IST" name="Setup" finished-at="2024-11-07T18:48:54 IST" duration-ms="3603" status="PASS">
          <reporter-output>
          </reporter-output>
        </test-method> <!-- Setup -->
        <test-method signature="verifyeLoginPage(java.lang.String,java.lang.String)[pri:1, instance:com.mystore.testCase.login@662ac478]" started-at="2024-11-07T18:48:54 IST" name="verifyeLoginPage" data-provider="validtata11" finished-at="2024-11-07T18:48:54 IST" duration-ms="3" status="FAIL">
          <params>
            <param index="0">
              <value>
                <![CDATA[ccomputer171@gmail.com]]>
              </value>
            </param>
            <param index="1">
              <value>
                <![CDATA[Rahul@1234]]>
              </value>
            </param>
          </params>
          <exception class="java.lang.NullPointerException">
            <message>
              <![CDATA[Cannot invoke "com.mywebsite.POM_pages.loginPage.EnterEmail()" because "this.log" is null]]>
            </message>
            <full-stacktrace>
              <![CDATA[java.lang.NullPointerException: Cannot invoke "com.mywebsite.POM_pages.loginPage.EnterEmail()" because "this.log" is null
at com.mystore.testCase.login.verifyeLoginPage(login.java:54)
at java.base/jdk.internal.reflect.DirectMethodHandleAccessor.invoke(DirectMethodHandleAccessor.java:103)
at java.base/java.lang.reflect.Method.invoke(Method.java:580)
at org.testng.internal.invokers.MethodInvocationHelper.invokeMethod(MethodInvocationHelper.java:141)
at org.testng.internal.invokers.TestInvoker.invokeMethod(TestInvoker.java:686)
at org.testng.internal.invokers.TestInvoker.invokeTestMethod(TestInvoker.java:230)
at org.testng.internal.invokers.MethodRunner.runInSequence(MethodRunner.java:63)
at org.testng.internal.invokers.TestInvoker$MethodInvocationAgent.invoke(TestInvoker.java:992)
at org.testng.internal.invokers.TestInvoker.invokeTestMethods(TestInvoker.java:203)
at org.testng.internal.invokers.TestMethodWorker.invokeTestMethods(TestMethodWorker.java:154)
at org.testng.internal.invokers.TestMethodWorker.run(TestMethodWorker.java:134)
at java.base/java.util.ArrayList.forEach(ArrayList.java:1596)
at org.testng.TestRunner.privateRun(TestRunner.java:739)
at org.testng.TestRunner.run(TestRunner.java:614)
at org.testng.SuiteRunner.runTest(SuiteRunner.java:421)
at org.testng.SuiteRunner.runSequentially(SuiteRunner.java:413)
at org.testng.SuiteRunner.privateRun(SuiteRunner.java:373)
at org.testng.SuiteRunner.run(SuiteRunner.java:312)
at org.testng.SuiteRunnerWorker.runSuite(SuiteRunnerWorker.java:52)
at org.testng.SuiteRunnerWorker.run(SuiteRunnerWorker.java:95)
at org.testng.TestNG.runSuitesSequentially(TestNG.java:1274)
at org.testng.TestNG.runSuitesLocally(TestNG.java:1208)
at org.testng.TestNG.runSuites(TestNG.java:1112)
at org.testng.TestNG.run(TestNG.java:1079)
at org.testng.remote.AbstractRemoteTestNG.run(AbstractRemoteTestNG.java:115)
at org.testng.remote.RemoteTestNG.initAndRun(RemoteTestNG.java:293)
at org.testng.remote.RemoteTestNG.main(RemoteTestNG.java:91)
]]>
            </full-stacktrace>
          </exception> <!-- java.lang.NullPointerException -->
          <reporter-output>
          </reporter-output>
        </test-method> <!-- verifyeLoginPage -->
        <test-method is-config="true" signature="tearDown()[pri:0, instance:com.mystore.testCase.login@662ac478]" started-at="2024-11-07T18:48:54 IST" name="tearDown" finished-at="2024-11-07T18:48:54 IST" duration-ms="338" status="PASS">
          <reporter-output>
          </reporter-output>
        </test-method> <!-- tearDown -->
        <test-method is-config="true" signature="Setup()[pri:0, instance:com.mystore.testCase.login@662ac478]" started-at="2024-11-07T18:48:54 IST" name="Setup" finished-at="2024-11-07T18:48:58 IST" duration-ms="3385" status="PASS">
          <reporter-output>
          </reporter-output>
        </test-method> <!-- Setup -->
        <test-method signature="verifyeLoginPage(java.lang.String,java.lang.String)[pri:1, instance:com.mystore.testCase.login@662ac478]" started-at="2024-11-07T18:48:58 IST" name="verifyeLoginPage" data-provider="validtata11" finished-at="2024-11-07T18:48:58 IST" duration-ms="2" status="FAIL">
          <params>
            <param index="0">
              <value>
                <![CDATA[ccomputer172@gmail.com]]>
              </value>
            </param>
            <param index="1">
              <value>
                <![CDATA[Rahul@12345]]>
              </value>
            </param>
          </params>
          <exception class="java.lang.NullPointerException">
            <message>
              <![CDATA[Cannot invoke "com.mywebsite.POM_pages.loginPage.EnterEmail()" because "this.log" is null]]>
            </message>
            <full-stacktrace>
              <![CDATA[java.lang.NullPointerException: Cannot invoke "com.mywebsite.POM_pages.loginPage.EnterEmail()" because "this.log" is null
at com.mystore.testCase.login.verifyeLoginPage(login.java:54)
at java.base/jdk.internal.reflect.DirectMethodHandleAccessor.invoke(DirectMethodHandleAccessor.java:103)
at java.base/java.lang.reflect.Method.invoke(Method.java:580)
at org.testng.internal.invokers.MethodInvocationHelper.invokeMethod(MethodInvocationHelper.java:141)
at org.testng.internal.invokers.TestInvoker.invokeMethod(TestInvoker.java:686)
at org.testng.internal.invokers.TestInvoker.invokeTestMethod(TestInvoker.java:230)
at org.testng.internal.invokers.MethodRunner.runInSequence(MethodRunner.java:63)
at org.testng.internal.invokers.TestInvoker$MethodInvocationAgent.invoke(TestInvoker.java:992)
at org.testng.internal.invokers.TestInvoker.invokeTestMethods(TestInvoker.java:203)
at org.testng.internal.invokers.TestMethodWorker.invokeTestMethods(TestMethodWorker.java:154)
at org.testng.internal.invokers.TestMethodWorker.run(TestMethodWorker.java:134)
at java.base/java.util.ArrayList.forEach(ArrayList.java:1596)
at org.testng.TestRunner.privateRun(TestRunner.java:739)
at org.testng.TestRunner.run(TestRunner.java:614)
at org.testng.SuiteRunner.runTest(SuiteRunner.java:421)
at org.testng.SuiteRunner.runSequentially(SuiteRunner.java:413)
at org.testng.SuiteRunner.privateRun(SuiteRunner.java:373)
at org.testng.SuiteRunner.run(SuiteRunner.java:312)
at org.testng.SuiteRunnerWorker.runSuite(SuiteRunnerWorker.java:52)
at org.testng.SuiteRunnerWorker.run(SuiteRunnerWorker.java:95)
at org.testng.TestNG.runSuitesSequentially(TestNG.java:1274)
at org.testng.TestNG.runSuitesLocally(TestNG.java:1208)
at org.testng.TestNG.runSuites(TestNG.java:1112)
at org.testng.TestNG.run(TestNG.java:1079)
at org.testng.remote.AbstractRemoteTestNG.run(AbstractRemoteTestNG.java:115)
at org.testng.remote.RemoteTestNG.initAndRun(RemoteTestNG.java:293)
at org.testng.remote.RemoteTestNG.main(RemoteTestNG.java:91)
]]>
            </full-stacktrace>
          </exception> <!-- java.lang.NullPointerException -->
          <reporter-output>
          </reporter-output>
        </test-method> <!-- verifyeLoginPage -->
        <test-method is-config="true" signature="tearDown()[pri:0, instance:com.mystore.testCase.login@662ac478]" started-at="2024-11-07T18:48:58 IST" name="tearDown" finished-at="2024-11-07T18:48:58 IST" duration-ms="399" status="PASS">
          <reporter-output>
          </reporter-output>
        </test-method> <!-- tearDown -->
        <test-method is-config="true" signature="Setup()[pri:0, instance:com.mystore.testCase.login@662ac478]" started-at="2024-11-07T18:48:58 IST" name="Setup" finished-at="2024-11-07T18:49:01 IST" duration-ms="3378" status="PASS">
          <reporter-output>
          </reporter-output>
        </test-method> <!-- Setup -->
        <test-method signature="invalid_login()[pri:2, instance:com.mystore.testCase.login@662ac478]" started-at="2024-11-07T18:49:01 IST" name="invalid_login" finished-at="2024-11-07T18:49:05 IST" duration-ms="3866" status="PASS">
          <reporter-output>
          </reporter-output>
        </test-method> <!-- invalid_login -->
        <test-method is-config="true" signature="tearDown()[pri:0, instance:com.mystore.testCase.login@662ac478]" started-at="2024-11-07T18:49:05 IST" name="tearDown" finished-at="2024-11-07T18:49:05 IST" duration-ms="0" status="PASS">
          <reporter-output>
          </reporter-output>
        </test-method> <!-- tearDown -->
        <test-method is-config="true" signature="Setup()[pri:0, instance:com.mystore.testCase.login@662ac478]" started-at="2024-11-07T18:49:05 IST" name="Setup" finished-at="2024-11-07T18:49:09 IST" duration-ms="3562" status="PASS">
          <reporter-output>
          </reporter-output>
        </test-method> <!-- Setup -->
        <test-method signature="validIdAndInvalidpass()[pri:3, instance:com.mystore.testCase.login@662ac478]" started-at="2024-11-07T18:49:09 IST" name="validIdAndInvalidpass" finished-at="2024-11-07T18:49:12 IST" duration-ms="3383" status="PASS">
          <reporter-output>
          </reporter-output>
        </test-method> <!-- validIdAndInvalidpass -->
        <test-method is-config="true" signature="tearDown()[pri:0, instance:com.mystore.testCase.login@662ac478]" started-at="2024-11-07T18:49:12 IST" name="tearDown" finished-at="2024-11-07T18:49:13 IST" duration-ms="420" status="PASS">
          <reporter-output>
          </reporter-output>
        </test-method> <!-- tearDown -->
        <test-method is-config="true" signature="Setup()[pri:0, instance:com.mystore.testCase.login@662ac478]" started-at="2024-11-07T18:49:13 IST" name="Setup" finished-at="2024-11-07T18:49:16 IST" duration-ms="3403" status="PASS">
          <reporter-output>
          </reporter-output>
        </test-method> <!-- Setup -->
        <test-method signature="validateinsertNullDeta()[pri:4, instance:com.mystore.testCase.login@662ac478]" started-at="2024-11-07T18:49:16 IST" name="validateinsertNullDeta" finished-at="2024-11-07T18:49:19 IST" duration-ms="3086" status="PASS">
          <reporter-output>
          </reporter-output>
        </test-method> <!-- validateinsertNullDeta -->
        <test-method is-config="true" signature="tearDown()[pri:0, instance:com.mystore.testCase.login@662ac478]" started-at="2024-11-07T18:49:19 IST" name="tearDown" finished-at="2024-11-07T18:49:20 IST" duration-ms="613" status="PASS">
          <reporter-output>
          </reporter-output>
        </test-method> <!-- tearDown -->
      </class> <!-- com.mystore.testCase.login -->
      <class name="com.mystore.testCase.surch">
        <test-method is-config="true" signature="setup()[pri:0, instance:com.mystore.testCase.surch@6743e411]" started-at="2024-11-07T18:49:20 IST" name="setup" finished-at="2024-11-07T18:49:22 IST" duration-ms="2714" status="PASS">
          <reporter-output>
          </reporter-output>
        </test-method> <!-- setup -->
        <test-method signature="surch()[pri:1, instance:com.mystore.testCase.surch@6743e411]" started-at="2024-11-07T18:49:22 IST" name="surch" finished-at="2024-11-07T18:49:25 IST" duration-ms="2697" status="PASS">
          <reporter-output>
          </reporter-output>
        </test-method> <!-- surch -->
        <test-method is-config="true" signature="tearDown()[pri:0, instance:com.mystore.testCase.surch@6743e411]" started-at="2024-11-07T18:49:25 IST" name="tearDown" finished-at="2024-11-07T18:49:28 IST" duration-ms="2451" status="PASS">
          <reporter-output>
          </reporter-output>
        </test-method> <!-- tearDown -->
        <test-method is-config="true" signature="setup()[pri:0, instance:com.mystore.testCase.surch@6743e411]" started-at="2024-11-07T18:49:28 IST" name="setup" finished-at="2024-11-07T18:49:31 IST" duration-ms="2968" status="PASS">
          <reporter-output>
          </reporter-output>
        </test-method> <!-- setup -->
        <test-method signature="non_valid_inpute_surch()[pri:2, instance:com.mystore.testCase.surch@6743e411]" started-at="2024-11-07T18:49:31 IST" name="non_valid_inpute_surch" finished-at="2024-11-07T18:49:33 IST" duration-ms="2573" status="PASS">
          <reporter-output>
          </reporter-output>
        </test-method> <!-- non_valid_inpute_surch -->
        <test-method is-config="true" signature="tearDown()[pri:0, instance:com.mystore.testCase.surch@6743e411]" started-at="2024-11-07T18:49:33 IST" name="tearDown" finished-at="2024-11-07T18:49:37 IST" duration-ms="3451" status="PASS">
          <reporter-output>
          </reporter-output>
        </test-method> <!-- tearDown -->
        <test-method is-config="true" signature="setup()[pri:0, instance:com.mystore.testCase.surch@6743e411]" started-at="2024-11-07T18:49:37 IST" name="setup" finished-at="2024-11-07T18:49:39 IST" duration-ms="2759" status="PASS">
          <reporter-output>
          </reporter-output>
        </test-method> <!-- setup -->
        <test-method signature="without_any_surch()[pri:3, instance:com.mystore.testCase.surch@6743e411]" started-at="2024-11-07T18:49:39 IST" name="without_any_surch" finished-at="2024-11-07T18:49:42 IST" duration-ms="2335" status="PASS">
          <reporter-output>
          </reporter-output>
        </test-method> <!-- without_any_surch -->
        <test-method is-config="true" signature="tearDown()[pri:0, instance:com.mystore.testCase.surch@6743e411]" started-at="2024-11-07T18:49:42 IST" name="tearDown" finished-at="2024-11-07T18:49:45 IST" duration-ms="3093" status="PASS">
          <reporter-output>
          </reporter-output>
        </test-method> <!-- tearDown -->
      </class> <!-- com.mystore.testCase.surch -->
    </test> <!-- MyWebsite -->
  </suite> <!-- MyWebsite -->
</testng-results>
